Vivado Simulator 2020.1
Time resolution is 1 ps
                   Encoder Test 1 passed
                   Encoder Test 2 passed
                   Encoder Test 3 passed
                   Encoder Test 4 passed
                   Encoder Test 5 passed
                   Encoder Test 6 passed
                   Encoder Test 7 passed
                   Encoder Test 8 passed
                   Encoder Test 9 passed
                  Encoder Test 10 passed
                  Encoder Test 11 passed
                  Encoder Test 12 passed
                  Encoder Test 13 passed
                  Encoder Test 14 passed
                  Encoder Test 15 passed
                  Encoder Test 16 passed
All tests passed
$stop called at time : 160 ns : File "C:/Users/justi/Downloads/248NeededFiles/248NeededFiles/priority_encoder_tb.v" Line 74
