Vivado Simulator 2018.3
Time resolution is 1 ps
                   Encoder Test 1 passed
                   Encoder Test 2 passed
                   Encoder Test 3 passed
                   Encoder Test 4 passed
                   Encoder Test 5 passed
All tests passed
 Decoder Test 6 passed
                   Decoder Test 7 passed
                   Decoder Test 8 passed
All tests passed
it 4:1 MUX Test passed
               4-bit 4:1 MUX Test passed
               4-bit 4:1 MUX Test passed
               4-bit 4:1 MUX Test passed
               4-bit 4:1 MUX Test passed
               4-bit 4:1 MUX Test passed
               4-bit 4:1 MUX Test passed
               4-bit 4:1 MUX Test passed
               4-bit 4:1 MUX Test passed
               4-bit 4:1 MUX Test passed
               4-bit 4:1 MUX Test passed
               4-bit 4:1 MUX Test passed
               4-bit 4:1 MUX Test passed
               4-bit 4:1 MUX Test passed
               4-bit 4:1 MUX Test passed
               4-bit 4:1 MUX Test passed
               4-bit 4:1 MUX Test passed
               4-bit 4:1 MUX Test passed
               4-bit 4:1 MUX Test passed
               4-bit 4:1 MUX Test passed
               4-bit 4:1 MUX Test passed
               4-bit 4:1 MUX Test passed
               4-bit 4:1 MUX Test passed
               4-bit 4:1 MUX Test passed
All tests passed
